#
# There is insufficient memory for the Java Runtime Environment to continue.
# Native memory allocation (mmap) failed to map 27262976 bytes for Failed to commit area from 0x000000008a000000 to 0x000000008ba00000 of length 27262976.
# Possible reasons:
#   The system is out of physical RAM or swap space
#   The process is running with CompressedOops enabled, and the Java Heap may be blocking the growth of the native heap
# Possible solutions:
#   Reduce memory load on the system
#   Increase physical memory or swap space
#   Check if swap backing store is full
#   Decrease Java heap size (-Xmx/-Xms)
#   Decrease number of Java threads
#   Decrease Java thread stack sizes (-Xss)
#   Set larger code cache with -XX:ReservedCodeCacheSize=
#   JVM is running with Unscaled Compressed Oops mode in which the Java heap is
#     placed in the first 4GB address space. The Java Heap base address is the
#     maximum limit for the native heap growth. Please use -XX:HeapBaseMinAddress
#     to set the Java Heap base and to place the Java Heap above 4GB virtual address.
# This output file may be truncated or incomplete.
#
#  Out of Memory Error (./open/src/hotspot/os/windows/os_windows.cpp:3276), pid=4404, tid=6424
#
# JRE version: Java(TM) SE Runtime Environment 18.9 (11.0.13+10) (build 11.0.13+10-LTS-370)
# Java VM: Java HotSpot(TM) 64-Bit Server VM 18.9 (11.0.13+10-LTS-370, mixed mode, tiered, compressed oops, g1 gc, windows-amd64)
# No core dump will be written. Minidumps are not enabled by default on client versions of Windows
#

---------------  S U M M A R Y ------------

Command Line: -agentlib:jdwp=transport=dt_socket,address=127.0.0.1:65380,suspend=y,server=n -XX:TieredStopAtLevel=1 -Xverify:none -Dspring.output.ansi.enabled=always -Dcom.sun.management.jmxremote -Dspring.jmx.enabled=true -Dspring.liveBeansView.mbeanDomain -Dspring.application.admin.enabled=true -javaagent:C:\Users\Mzq\AppData\Local\JetBrains\IntelliJIdea2021.3\captureAgent\debugger-agent.jar -Dfile.encoding=UTF-8 pers.jmu.springcloud.EurekaMain7002

Host: Intel(R) Core(TM) i7-7500U CPU @ 2.70GHz, 4 cores, 7G,  Windows 10 , 64 bit Build 19041 (10.0.19041.1706)
Time: Sun May 29 15:02:39 2022 中国标准时间 elapsed time: 10.525409 seconds (0d 0h 0m 10s)

---------------  T H R E A D  ---------------

Current thread (0x000001e2a647e800):  VMThread "VM Thread" [stack: 0x000000c726700000,0x000000c726800000] [id=6424]

Stack: [0x000000c726700000,0x000000c726800000]
[error occurred during error reporting (printing stack bounds), id 0xc0000005, EXCEPTION_ACCESS_VIOLATION (0xc0000005) at pc=0x000001e28fd60f2d]

Native frames: (J=compiled Java code, j=interpreted, Vv=VM code, C=native code)
V  [jvm.dll+0x62870a]
V  [jvm.dll+0x761f2f]
V  [jvm.dll+0x7635d9]
V  [jvm.dll+0x763bc5]
V  [jvm.dll+0x763b7b]
V  [jvm.dll+0x627c53]
V  [jvm.dll+0x628308]
C  [ntdll.dll+0xa209f]
C  [ntdll.dll+0x51454]
C  [ntdll.dll+0xa0bce]
C  0x000001e28fd60f2d

VM_Operation (0x000000c7279fb2e0): G1CollectForAllocation, mode: safepoint, requested by thread 0x000001e2a8489000


---------------  P R O C E S S  ---------------

Threads class SMR info:
_java_thread_list=0x000001e2a8f557a0, length=19, elements={
0x000001e286f5c000, 0x000001e2a64a3800, 0x000001e2a64a4800, 0x000001e2a64cb000,
0x000001e2a64cc800, 0x000001e2a6d9d800, 0x000001e2a6da2800, 0x000001e2a6dbf000,
0x000001e2a643b000, 0x000001e2a6fd4000, 0x000001e2a6fed000, 0x000001e2a6ffc000,
0x000001e2a778f800, 0x000001e2a794e800, 0x000001e2a7820800, 0x000001e2a84c9800,
0x000001e2a8489000, 0x000001e2a8745000, 0x000001e2a90db800
}

Java Threads: ( => current thread )
  0x000001e286f5c000 JavaThread "main" [_thread_blocked, id=13368, stack(0x000000c726100000,0x000000c726200000)]
  0x000001e2a64a3800 JavaThread "Reference Handler" daemon [_thread_blocked, id=12448, stack(0x000000c726800000,0x000000c726900000)]
  0x000001e2a64a4800 JavaThread "Finalizer" daemon [_thread_blocked, id=5468, stack(0x000000c726900000,0x000000c726a00000)]
  0x000001e2a64cb000 JavaThread "Signal Dispatcher" daemon [_thread_blocked, id=2992, stack(0x000000c726a00000,0x000000c726b00000)]
  0x000001e2a64cc800 JavaThread "Attach Listener" daemon [_thread_blocked, id=10264, stack(0x000000c726b00000,0x000000c726c00000)]
  0x000001e2a6d9d800 JavaThread "Service Thread" daemon [_thread_blocked, id=5744, stack(0x000000c726c00000,0x000000c726d00000)]
  0x000001e2a6da2800 JavaThread "C1 CompilerThread0" daemon [_thread_blocked, id=4972, stack(0x000000c726d00000,0x000000c726e00000)]
  0x000001e2a6dbf000 JavaThread "Sweeper thread" daemon [_thread_blocked, id=7584, stack(0x000000c726e00000,0x000000c726f00000)]
  0x000001e2a643b000 JavaThread "Common-Cleaner" daemon [_thread_blocked, id=2164, stack(0x000000c726f00000,0x000000c727000000)]
  0x000001e2a6fd4000 JavaThread "JDWP Transport Listener: dt_socket" daemon [_thread_blocked, id=8688, stack(0x000000c727000000,0x000000c727100000)]
  0x000001e2a6fed000 JavaThread "JDWP Event Helper Thread" daemon [_thread_blocked, id=6096, stack(0x000000c727100000,0x000000c727200000)]
  0x000001e2a6ffc000 JavaThread "JDWP Command Reader" daemon [_thread_in_native, id=13020, stack(0x000000c727200000,0x000000c727300000)]
  0x000001e2a778f800 JavaThread "RMI TCP Accept-0" daemon [_thread_in_native, id=204, stack(0x000000c727500000,0x000000c727600000)]
  0x000001e2a794e800 JavaThread "RMI TCP Connection(2)-192.168.1.2" daemon [_thread_in_native, id=11868, stack(0x000000c727700000,0x000000c727800000)]
  0x000001e2a7820800 JavaThread "RMI Scheduler(0)" daemon [_thread_blocked, id=11564, stack(0x000000c727800000,0x000000c727900000)]
  0x000001e2a84c9800 JavaThread "Thread-0" [_thread_blocked, id=13364, stack(0x000000c727a00000,0x000000c727b00000)]
  0x000001e2a8489000 JavaThread "restartedMain" [_thread_blocked, id=5892, stack(0x000000c727900000,0x000000c727a00000)]
  0x000001e2a8745000 JavaThread "RMI TCP Connection(4)-192.168.1.2" daemon [_thread_in_native, id=13432, stack(0x000000c727b00000,0x000000c727c00000)]
  0x000001e2a90db800 JavaThread "RMI TCP Connection(5)-192.168.1.2" daemon [_thread_in_native, id=7764, stack(0x000000c727d00000,0x000000c727e00000)]

Other Threads:
=>0x000001e2a647e800 VMThread "VM Thread" [stack: 0x000000c726700000,0x000000c726800000] [id=6424]
  0x000001e2a77a5800 WatcherThread [stack: 0x000000c727600000,0x000000c727700000] [id=11816]
  0x000001e286f73000 GCTaskThread "GC Thread#0" [stack: 0x000000c726200000,0x000000c726300000] [id=5756]
  0x000001e2a714e800 GCTaskThread "GC Thread#1" [stack: 0x000000c727300000,0x000000c727400000] [id=5320]
  0x000001e2a758f000 GCTaskThread "GC Thread#2" [stack: 0x000000c727400000,0x000000c727500000] [id=11896]
  0x000001e2a8603800 GCTaskThread "GC Thread#3" [stack: 0x000000c727c00000,0x000000c727d00000] [id=14200]
  0x000001e286fa1800 ConcurrentGCThread "G1 Main Marker" [stack: 0x000000c726300000,0x000000c726400000] [id=5500]
  0x000001e286fa3000 ConcurrentGCThread "G1 Conc#0" [stack: 0x000000c726400000,0x000000c726500000] [id=5352]
  0x000001e2a62f0800 ConcurrentGCThread "G1 Refine#0" [stack: 0x000000c726500000,0x000000c726600000] [id=12888]
  0x000001e287025000 ConcurrentGCThread "G1 Young RemSet Sampling" [stack: 0x000000c726600000,0x000000c726700000] [id=12656]

Threads with active compile tasks:

VM state:at safepoint (normal execution)

VM Mutex/Monitor currently owned by a thread:  ([mutex/lock_event])
[0x000001e286f58600] Threads_lock - owner thread: 0x000001e2a647e800
[0x000001e286f57880] Heap_lock - owner thread: 0x000001e2a8489000

Heap address: 0x0000000082200000, size: 2014 MB, Compressed Oops mode: 32-bit
Narrow klass base: 0x0000000000000000, Narrow klass shift: 3
Compressed class space size: 1073741824 Address: 0x0000000100000000

Heap:
 garbage-first heap   total 155648K, used 21323K [0x0000000082200000, 0x0000000100000000)
  region size 1024K, 8 young (8192K), 8 survivors (8192K)
 Metaspace       used 37986K, capacity 39204K, committed 39472K, reserved 1083392K
  class space    used 4720K, capacity 5178K, committed 5248K, reserved 1048576K
Heap Regions: E=young(eden), S=young(survivor), O=old, HS=humongous(starts), HC=humongous(continues), CS=collection set, F=free, A=archive, TAMS=top-at-mark-start (previous, next)
|   0|0x0000000082200000, 0x0000000082300000, 0x0000000082300000|100%| O|  |TAMS 0x0000000082300000, 0x0000000082200000| Untracked 
|   1|0x0000000082300000, 0x0000000082400000, 0x0000000082400000|100%| O|  |TAMS 0x0000000082400000, 0x0000000082300000| Untracked 
|   2|0x0000000082400000, 0x0000000082500000, 0x0000000082500000|100%| O|  |TAMS 0x0000000082500000, 0x0000000082400000| Untracked 
|   3|0x0000000082500000, 0x0000000082600000, 0x0000000082600000|100%| O|  |TAMS 0x0000000082600000, 0x0000000082500000| Untracked 
|   4|0x0000000082600000, 0x0000000082700000, 0x0000000082700000|100%| O|  |TAMS 0x0000000082700000, 0x0000000082600000| Untracked 
|   5|0x0000000082700000, 0x0000000082800000, 0x0000000082800000|100%| O|  |TAMS 0x0000000082800000, 0x0000000082700000| Untracked 
|   6|0x0000000082800000, 0x0000000082900000, 0x0000000082900000|100%| O|  |TAMS 0x0000000082900000, 0x0000000082800000| Untracked 
|   7|0x0000000082900000, 0x0000000082a00000, 0x0000000082a00000|100%| O|  |TAMS 0x0000000082a00000, 0x0000000082900000| Untracked 
|   8|0x0000000082a00000, 0x0000000082b00000, 0x0000000082b00000|100%| O|  |TAMS 0x0000000082b00000, 0x0000000082a00000| Untracked 
|   9|0x0000000082b00000, 0x0000000082c00000, 0x0000000082c00000|100%| O|  |TAMS 0x0000000082c00000, 0x0000000082b00000| Untracked 
|  10|0x0000000082c00000, 0x0000000082d00000, 0x0000000082d00000|100%| O|  |TAMS 0x0000000082cfe400, 0x0000000082c00000| Untracked 
|  11|0x0000000082d00000, 0x0000000082e00000, 0x0000000082e00000|100%| O|  |TAMS 0x0000000082d00000, 0x0000000082d00000| Untracked 
|  12|0x0000000082e00000, 0x0000000082efde00, 0x0000000082f00000| 99%| O|  |TAMS 0x0000000082e00000, 0x0000000082e00000| Untracked 
|  13|0x0000000082f00000, 0x0000000082f00000, 0x0000000083000000|  0%| F|  |TAMS 0x0000000082f00000, 0x0000000082f00000| Untracked 
|  14|0x0000000083000000, 0x0000000083000000, 0x0000000083100000|  0%| F|  |TAMS 0x0000000083000000, 0x0000000083000000| Untracked 
|  15|0x0000000083100000, 0x0000000083100000, 0x0000000083200000|  0%| F|  |TAMS 0x0000000083100000, 0x0000000083100000| Untracked 
|  16|0x0000000083200000, 0x0000000083200000, 0x0000000083300000|  0%| F|  |TAMS 0x0000000083200000, 0x0000000083200000| Untracked 
|  17|0x0000000083300000, 0x0000000083300000, 0x0000000083400000|  0%| F|  |TAMS 0x0000000083300000, 0x0000000083300000| Untracked 
|  18|0x0000000083400000, 0x0000000083400000, 0x0000000083500000|  0%| F|  |TAMS 0x0000000083400000, 0x0000000083400000| Untracked 
|  19|0x0000000083500000, 0x0000000083500000, 0x0000000083600000|  0%| F|  |TAMS 0x0000000083500000, 0x0000000083500000| Untracked 
|  20|0x0000000083600000, 0x0000000083600000, 0x0000000083700000|  0%| F|  |TAMS 0x0000000083600000, 0x0000000083600000| Untracked 
|  21|0x0000000083700000, 0x0000000083700000, 0x0000000083800000|  0%| F|  |TAMS 0x0000000083700000, 0x0000000083700000| Untracked 
|  22|0x0000000083800000, 0x0000000083800000, 0x0000000083900000|  0%| F|  |TAMS 0x0000000083800000, 0x0000000083800000| Untracked 
|  23|0x0000000083900000, 0x0000000083900000, 0x0000000083a00000|  0%| F|  |TAMS 0x0000000083900000, 0x0000000083900000| Untracked 
|  24|0x0000000083a00000, 0x0000000083a00000, 0x0000000083b00000|  0%| F|  |TAMS 0x0000000083a00000, 0x0000000083a00000| Untracked 
|  25|0x0000000083b00000, 0x0000000083b00000, 0x0000000083c00000|  0%| F|  |TAMS 0x0000000083b00000, 0x0000000083b00000| Untracked 
|  26|0x0000000083c00000, 0x0000000083c00000, 0x0000000083d00000|  0%| F|  |TAMS 0x0000000083c00000, 0x0000000083c00000| Untracked 
|  27|0x0000000083d00000, 0x0000000083d00000, 0x0000000083e00000|  0%| F|  |TAMS 0x0000000083d00000, 0x0000000083d00000| Untracked 
|  28|0x0000000083e00000, 0x0000000083e00000, 0x0000000083f00000|  0%| F|  |TAMS 0x0000000083e00000, 0x0000000083e00000| Untracked 
|  29|0x0000000083f00000, 0x0000000083f00000, 0x0000000084000000|  0%| F|  |TAMS 0x0000000083f00000, 0x0000000083f00000| Untracked 
|  30|0x0000000084000000, 0x0000000084000000, 0x0000000084100000|  0%| F|  |TAMS 0x0000000084000000, 0x0000000084000000| Untracked 
|  31|0x0000000084100000, 0x0000000084100000, 0x0000000084200000|  0%| F|  |TAMS 0x0000000084100000, 0x0000000084100000| Untracked 
|  32|0x0000000084200000, 0x0000000084200000, 0x0000000084300000|  0%| F|  |TAMS 0x0000000084200000, 0x0000000084200000| Untracked 
|  33|0x0000000084300000, 0x0000000084300000, 0x0000000084400000|  0%| F|  |TAMS 0x0000000084300000, 0x0000000084300000| Untracked 
|  34|0x0000000084400000, 0x0000000084400000, 0x0000000084500000|  0%| F|  |TAMS 0x0000000084400000, 0x0000000084400000| Untracked 
|  35|0x0000000084500000, 0x0000000084500000, 0x0000000084600000|  0%| F|  |TAMS 0x0000000084500000, 0x0000000084500000| Untracked 
|  36|0x0000000084600000, 0x0000000084600000, 0x0000000084700000|  0%| F|  |TAMS 0x0000000084600000, 0x0000000084600000| Untracked 
|  37|0x0000000084700000, 0x0000000084700000, 0x0000000084800000|  0%| F|  |TAMS 0x0000000084700000, 0x0000000084700000| Untracked 
|  38|0x0000000084800000, 0x0000000084800000, 0x0000000084900000|  0%| F|  |TAMS 0x0000000084800000, 0x0000000084800000| Untracked 
|  39|0x0000000084900000, 0x0000000084900000, 0x0000000084a00000|  0%| F|  |TAMS 0x0000000084900000, 0x0000000084900000| Untracked 
|  40|0x0000000084a00000, 0x0000000084a00000, 0x0000000084b00000|  0%| F|  |TAMS 0x0000000084a00000, 0x0000000084a00000| Untracked 
|  41|0x0000000084b00000, 0x0000000084b00000, 0x0000000084c00000|  0%| F|  |TAMS 0x0000000084b00000, 0x0000000084b00000| Untracked 
|  42|0x0000000084c00000, 0x0000000084c00000, 0x0000000084d00000|  0%| F|  |TAMS 0x0000000084c00000, 0x0000000084c00000| Untracked 
|  43|0x0000000084d00000, 0x0000000084dd5090, 0x0000000084e00000| 83%| S|CS|TAMS 0x0000000084d00000, 0x0000000084d00000| Complete 
|  44|0x0000000084e00000, 0x0000000084f00000, 0x0000000084f00000|100%| S|CS|TAMS 0x0000000084e00000, 0x0000000084e00000| Complete 
|  45|0x0000000084f00000, 0x0000000085000000, 0x0000000085000000|100%| S|CS|TAMS 0x0000000084f00000, 0x0000000084f00000| Complete 
|  46|0x0000000085000000, 0x0000000085100000, 0x0000000085100000|100%| S|CS|TAMS 0x0000000085000000, 0x0000000085000000| Complete 
|  47|0x0000000085100000, 0x0000000085200000, 0x0000000085200000|100%| S|CS|TAMS 0x0000000085100000, 0x0000000085100000| Complete 
|  48|0x0000000085200000, 0x0000000085300000, 0x0000000085300000|100%| S|CS|TAMS 0x0000000085200000, 0x0000000085200000| Complete 
|  49|0x0000000085300000, 0x0000000085400000, 0x0000000085400000|100%| S|CS|TAMS 0x0000000085300000, 0x0000000085300000| Complete 
|  50|0x0000000085400000, 0x0000000085500000, 0x0000000085500000|100%| S|CS|TAMS 0x0000000085400000, 0x0000000085400000| Complete 
|  51|0x0000000085500000, 0x0000000085500000, 0x0000000085600000|  0%| F|  |TAMS 0x0000000085500000, 0x0000000085500000| Untracked 
|  52|0x0000000085600000, 0x0000000085600000, 0x0000000085700000|  0%| F|  |TAMS 0x0000000085600000, 0x0000000085600000| Untracked 
|  53|0x0000000085700000, 0x0000000085700000, 0x0000000085800000|  0%| F|  |TAMS 0x0000000085700000, 0x0000000085700000| Untracked 
|  54|0x0000000085800000, 0x0000000085800000, 0x0000000085900000|  0%| F|  |TAMS 0x0000000085800000, 0x0000000085800000| Untracked 
|  55|0x0000000085900000, 0x0000000085900000, 0x0000000085a00000|  0%| F|  |TAMS 0x0000000085900000, 0x0000000085900000| Untracked 
|  56|0x0000000085a00000, 0x0000000085a00000, 0x0000000085b00000|  0%| F|  |TAMS 0x0000000085a00000, 0x0000000085a00000| Untracked 
|  57|0x0000000085b00000, 0x0000000085b00000, 0x0000000085c00000|  0%| F|  |TAMS 0x0000000085b00000, 0x0000000085b00000| Untracked 
|  58|0x0000000085c00000, 0x0000000085c00000, 0x0000000085d00000|  0%| F|  |TAMS 0x0000000085c00000, 0x0000000085c00000| Untracked 
|  59|0x0000000085d00000, 0x0000000085d00000, 0x0000000085e00000|  0%| F|  |TAMS 0x0000000085d00000, 0x0000000085d00000| Untracked 
|  60|0x0000000085e00000, 0x0000000085e00000, 0x0000000085f00000|  0%| F|  |TAMS 0x0000000085e00000, 0x0000000085e00000| Untracked 
|  61|0x0000000085f00000, 0x0000000085f00000, 0x0000000086000000|  0%| F|  |TAMS 0x0000000085f00000, 0x0000000085f00000| Untracked 
|  62|0x0000000086000000, 0x0000000086000000, 0x0000000086100000|  0%| F|  |TAMS 0x0000000086000000, 0x0000000086000000| Untracked 
|  63|0x0000000086100000, 0x0000000086100000, 0x0000000086200000|  0%| F|  |TAMS 0x0000000086100000, 0x0000000086100000| Untracked 
|  64|0x0000000086200000, 0x0000000086200000, 0x0000000086300000|  0%| F|  |TAMS 0x0000000086200000, 0x0000000086200000| Untracked 
|  65|0x0000000086300000, 0x0000000086300000, 0x0000000086400000|  0%| F|  |TAMS 0x0000000086300000, 0x0000000086300000| Untracked 
|  66|0x0000000086400000, 0x0000000086400000, 0x0000000086500000|  0%| F|  |TAMS 0x0000000086400000, 0x0000000086400000| Untracked 
|  67|0x0000000086500000, 0x0000000086500000, 0x0000000086600000|  0%| F|  |TAMS 0x0000000086500000, 0x0000000086500000| Untracked 
|  68|0x0000000086600000, 0x0000000086600000, 0x0000000086700000|  0%| F|  |TAMS 0x0000000086600000, 0x0000000086600000| Untracked 
|  69|0x0000000086700000, 0x0000000086700000, 0x0000000086800000|  0%| F|  |TAMS 0x0000000086700000, 0x0000000086700000| Untracked 
|  70|0x0000000086800000, 0x0000000086800000, 0x0000000086900000|  0%| F|  |TAMS 0x0000000086800000, 0x0000000086800000| Untracked 
|  71|0x0000000086900000, 0x0000000086900000, 0x0000000086a00000|  0%| F|  |TAMS 0x0000000086900000, 0x0000000086900000| Untracked 
|  72|0x0000000086a00000, 0x0000000086a00000, 0x0000000086b00000|  0%| F|  |TAMS 0x0000000086a00000, 0x0000000086a00000| Untracked 
|  73|0x0000000086b00000, 0x0000000086b00000, 0x0000000086c00000|  0%| F|  |TAMS 0x0000000086b00000, 0x0000000086b00000| Untracked 
|  74|0x0000000086c00000, 0x0000000086c00000, 0x0000000086d00000|  0%| F|  |TAMS 0x0000000086c00000, 0x0000000086c00000| Untracked 
|  75|0x0000000086d00000, 0x0000000086d00000, 0x0000000086e00000|  0%| F|  |TAMS 0x0000000086d00000, 0x0000000086d00000| Untracked 
|  76|0x0000000086e00000, 0x0000000086e00000, 0x0000000086f00000|  0%| F|  |TAMS 0x0000000086e00000, 0x0000000086e00000| Untracked 
|  77|0x0000000086f00000, 0x0000000086f00000, 0x0000000087000000|  0%| F|  |TAMS 0x0000000086f00000, 0x0000000086f00000| Untracked 
|  78|0x0000000087000000, 0x0000000087000000, 0x0000000087100000|  0%| F|  |TAMS 0x0000000087000000, 0x0000000087000000| Untracked 
|  79|0x0000000087100000, 0x0000000087100000, 0x0000000087200000|  0%| F|  |TAMS 0x0000000087100000, 0x0000000087100000| Untracked 
|  80|0x0000000087200000, 0x0000000087200000, 0x0000000087300000|  0%| F|  |TAMS 0x0000000087200000, 0x0000000087200000| Untracked 
|  81|0x0000000087300000, 0x0000000087300000, 0x0000000087400000|  0%| F|  |TAMS 0x0000000087300000, 0x0000000087300000| Untracked 
|  82|0x0000000087400000, 0x0000000087400000, 0x0000000087500000|  0%| F|  |TAMS 0x0000000087400000, 0x0000000087400000| Untracked 
|  83|0x0000000087500000, 0x0000000087500000, 0x0000000087600000|  0%| F|  |TAMS 0x0000000087500000, 0x0000000087500000| Untracked 
|  84|0x0000000087600000, 0x0000000087600000, 0x0000000087700000|  0%| F|  |TAMS 0x0000000087600000, 0x0000000087600000| Untracked 
|  85|0x0000000087700000, 0x0000000087700000, 0x0000000087800000|  0%| F|  |TAMS 0x0000000087700000, 0x0000000087700000| Untracked 
|  86|0x0000000087800000, 0x0000000087800000, 0x0000000087900000|  0%| F|  |TAMS 0x0000000087800000, 0x0000000087800000| Untracked 
|  87|0x0000000087900000, 0x0000000087900000, 0x0000000087a00000|  0%| F|  |TAMS 0x0000000087900000, 0x0000000087900000| Untracked 
|  88|0x0000000087a00000, 0x0000000087a00000, 0x0000000087b00000|  0%| F|  |TAMS 0x0000000087a00000, 0x0000000087a00000| Untracked 
|  89|0x0000000087b00000, 0x0000000087b00000, 0x0000000087c00000|  0%| F|  |TAMS 0x0000000087b00000, 0x0000000087b00000| Untracked 
|  90|0x0000000087c00000, 0x0000000087c00000, 0x0000000087d00000|  0%| F|  |TAMS 0x0000000087c00000, 0x0000000087c00000| Untracked 
|  91|0x0000000087d00000, 0x0000000087d00000, 0x0000000087e00000|  0%| F|  |TAMS 0x0000000087d00000, 0x0000000087d00000| Untracked 
|  92|0x0000000087e00000, 0x0000000087e00000, 0x0000000087f00000|  0%| F|  |TAMS 0x0000000087e00000, 0x0000000087e00000| Untracked 
|  93|0x0000000087f00000, 0x0000000087f00000, 0x0000000088000000|  0%| F|  |TAMS 0x0000000087f00000, 0x0000000087f00000| Untracked 
|  94|0x0000000088000000, 0x0000000088000000, 0x0000000088100000|  0%| F|  |TAMS 0x0000000088000000, 0x0000000088000000| Untracked 
|  95|0x0000000088100000, 0x0000000088100000, 0x0000000088200000|  0%| F|  |TAMS 0x0000000088100000, 0x0000000088100000| Untracked 
|  96|0x0000000088200000, 0x0000000088200000, 0x0000000088300000|  0%| F|  |TAMS 0x0000000088200000, 0x0000000088200000| Untracked 
|  97|0x0000000088300000, 0x0000000088300000, 0x0000000088400000|  0%| F|  |TAMS 0x0000000088300000, 0x0000000088300000| Untracked 
|  98|0x0000000088400000, 0x0000000088400000, 0x0000000088500000|  0%| F|  |TAMS 0x0000000088400000, 0x0000000088400000| Untracked 
|  99|0x0000000088500000, 0x0000000088500000, 0x0000000088600000|  0%| F|  |TAMS 0x0000000088500000, 0x0000000088500000| Untracked 
| 100|0x0000000088600000, 0x0000000088600000, 0x0000000088700000|  0%| F|  |TAMS 0x0000000088600000, 0x0000000088600000| Untracked 
| 101|0x0000000088700000, 0x0000000088700000, 0x0000000088800000|  0%| F|  |TAMS 0x0000000088700000, 0x0000000088700000| Untracked 
| 102|0x0000000088800000, 0x0000000088800000, 0x0000000088900000|  0%| F|  |TAMS 0x0000000088800000, 0x0000000088800000| Untracked 
| 103|0x0000000088900000, 0x0000000088900000, 0x0000000088a00000|  0%| F|  |TAMS 0x0000000088900000, 0x0000000088900000| Untracked 
| 104|0x0000000088a00000, 0x0000000088a00000, 0x0000000088b00000|  0%| F|  |TAMS 0x0000000088a00000, 0x0000000088a00000| Untracked 
| 105|0x0000000088b00000, 0x0000000088b00000, 0x0000000088c00000|  0%| F|  |TAMS 0x0000000088b00000, 0x0000000088b00000| Untracked 
| 106|0x0000000088c00000, 0x0000000088c00000, 0x0000000088d00000|  0%| F|  |TAMS 0x0000000088c00000, 0x0000000088c00000| Untracked 
| 107|0x0000000088d00000, 0x0000000088d00000, 0x0000000088e00000|  0%| F|  |TAMS 0x0000000088d00000, 0x0000000088d00000| Untracked 
| 108|0x0000000088e00000, 0x0000000088e00000, 0x0000000088f00000|  0%| F|  |TAMS 0x0000000088e00000, 0x0000000088e00000| Untracked 
| 109|0x0000000088f00000, 0x0000000088f00000, 0x0000000089000000|  0%| F|  |TAMS 0x0000000088f00000, 0x0000000088f00000| Untracked 
| 110|0x0000000089000000, 0x0000000089000000, 0x0000000089100000|  0%| F|  |TAMS 0x0000000089000000, 0x0000000089000000| Untracked 
| 111|0x0000000089100000, 0x0000000089100000, 0x0000000089200000|  0%| F|  |TAMS 0x0000000089100000, 0x0000000089100000| Untracked 
| 112|0x0000000089200000, 0x0000000089200000, 0x0000000089300000|  0%| F|  |TAMS 0x0000000089200000, 0x0000000089200000| Untracked 
| 113|0x0000000089300000, 0x0000000089300000, 0x0000000089400000|  0%| F|  |TAMS 0x0000000089300000, 0x0000000089300000| Untracked 
| 114|0x0000000089400000, 0x0000000089400000, 0x0000000089500000|  0%| F|  |TAMS 0x0000000089400000, 0x0000000089400000| Untracked 
| 115|0x0000000089500000, 0x0000000089500000, 0x0000000089600000|  0%| F|  |TAMS 0x0000000089500000, 0x0000000089500000| Untracked 
| 116|0x0000000089600000, 0x0000000089600000, 0x0000000089700000|  0%| F|  |TAMS 0x0000000089600000, 0x0000000089600000| Untracked 
| 117|0x0000000089700000, 0x0000000089700000, 0x0000000089800000|  0%| F|  |TAMS 0x0000000089700000, 0x0000000089700000| Untracked 
| 118|0x0000000089800000, 0x0000000089800000, 0x0000000089900000|  0%| F|  |TAMS 0x0000000089800000, 0x0000000089800000| Untracked 
| 119|0x0000000089900000, 0x0000000089900000, 0x0000000089a00000|  0%| F|  |TAMS 0x0000000089900000, 0x0000000089900000| Untracked 
| 120|0x0000000089a00000, 0x0000000089a00000, 0x0000000089b00000|  0%| F|  |TAMS 0x0000000089a00000, 0x0000000089a00000| Untracked 
| 121|0x0000000089b00000, 0x0000000089b00000, 0x0000000089c00000|  0%| F|  |TAMS 0x0000000089b00000, 0x0000000089b00000| Untracked 
| 122|0x0000000089c00000, 0x0000000089c00000, 0x0000000089d00000|  0%| F|  |TAMS 0x0000000089c00000, 0x0000000089c00000| Untracked 
| 123|0x0000000089d00000, 0x0000000089d00000, 0x0000000089e00000|  0%| F|  |TAMS 0x0000000089d00000, 0x0000000089d00000| Untracked 
| 124|0x0000000089e00000, 0x0000000089e00000, 0x0000000089f00000|  0%| F|  |TAMS 0x0000000089e00000, 0x0000000089e00000| Untracked 
| 125|0x0000000089f00000, 0x0000000089f00000, 0x000000008a000000|  0%| F|  |TAMS 0x0000000089f00000, 0x0000000089f00000| Untracked 

Card table byte_map: [0x000001e29f770000,0x000001e29fb60000] _byte_map_base: 0x000001e29f35f000

Marking Bits (Prev, Next): (CMBitMap*) 0x000001e286f98bd8, (CMBitMap*) 0x000001e286f98c10
 Prev Bits: [0x000001e29ff50000, 0x000001e2a1ec8000)
 Next Bits: [0x000001e2a1ed0000, 0x000001e2a3e48000)

Polling page: 0x000001e287030000

Metaspace:

Usage:
  Non-class:     33.23 MB capacity,    32.49 MB ( 98%) used,   630.08 KB (  2%) free+waste,   130.31 KB ( <1%) overhead. 
      Class:      5.06 MB capacity,     4.61 MB ( 91%) used,   393.02 KB (  8%) free+waste,    64.44 KB (  1%) overhead. 
       Both:     38.29 MB capacity,    37.10 MB ( 97%) used,  1023.09 KB (  3%) free+waste,   194.75 KB ( <1%) overhead. 

Virtual space:
  Non-class space:       34.00 MB reserved,      33.42 MB ( 98%) committed 
      Class space:        1.00 GB reserved,       5.13 MB ( <1%) committed 
             Both:        1.03 GB reserved,      38.55 MB (  4%) committed 

Chunk freelists:
   Non-Class:  768 bytes
       Class:  768 bytes
        Both:  1.50 KB

CodeHeap 'non-profiled nmethods': size=238912Kb used=6461Kb max_used=6461Kb free=232450Kb
 bounds [0x000001e290410000, 0x000001e290a60000, 0x000001e29ed60000]
CodeHeap 'non-nmethods': size=6848Kb used=1249Kb max_used=1249Kb free=5598Kb
 bounds [0x000001e28fd60000, 0x000001e28ffd0000, 0x000001e290410000]
 total_blobs=4545 nmethods=4040 adapters=439
 compilation: enabled
              stopped_count=0, restarted_count=0
 full_count=0

Compilation events (10 events):
Event: 10.452 Thread 0x000001e2a6da2800 4036       1       java.lang.CompoundEnumeration::hasMoreElements (5 bytes)
Event: 10.453 Thread 0x000001e2a6da2800 nmethod 4036 0x000001e290a5db90 code [0x000001e290a5dd20, 0x000001e290a5de08]
Event: 10.456 Thread 0x000001e2a6da2800 4037   !   1       java.util.zip.ZipFile::getMetaInfEntryNames (106 bytes)
Event: 10.457 Thread 0x000001e2a6da2800 nmethod 4037 0x000001e290a5de90 code [0x000001e290a5e080, 0x000001e290a5e6b8]
Event: 10.483 Thread 0x000001e2a6da2800 4038       1       java.lang.Integer::hashCode (8 bytes)
Event: 10.483 Thread 0x000001e2a6da2800 nmethod 4038 0x000001e290a5eb90 code [0x000001e290a5ed20, 0x000001e290a5edd8]
Event: 10.483 Thread 0x000001e2a6da2800 4039       1       java.lang.Integer::hashCode (2 bytes)
Event: 10.483 Thread 0x000001e2a6da2800 nmethod 4039 0x000001e290a5ee90 code [0x000001e290a5f020, 0x000001e290a5f0b8]
Event: 10.503 Thread 0x000001e2a6da2800 4040       1       java.util.ResourceBundle$KeyElementReference::<init> (12 bytes)
Event: 10.504 Thread 0x000001e2a6da2800 nmethod 4040 0x000001e290a5f110 code [0x000001e290a5f2a0, 0x000001e290a5f478]

GC Heap History (10 events):
Event: 5.178 GC heap after
{Heap after GC invocations=5 (full 0):
 garbage-first heap   total 129024K, used 10557K [0x0000000082200000, 0x0000000100000000)
  region size 1024K, 3 young (3072K), 3 survivors (3072K)
 Metaspace       used 20541K, capacity 21130K, committed 21296K, reserved 1069056K
  class space    used 2376K, capacity 2601K, committed 2688K, reserved 1048576K
}
Event: 6.132 GC heap before
{Heap before GC invocations=6 (full 0):
 garbage-first heap   total 129024K, used 71997K [0x0000000082200000, 0x0000000100000000)
  region size 1024K, 64 young (65536K), 3 survivors (3072K)
 Metaspace       used 26822K, capacity 27682K, committed 27824K, reserved 1073152K
  class space    used 3226K, capacity 3561K, committed 3584K, reserved 1048576K
}
Event: 6.140 GC heap after
{Heap after GC invocations=7 (full 0):
 garbage-first heap   total 129024K, used 11854K [0x0000000082200000, 0x0000000100000000)
  region size 1024K, 5 young (5120K), 5 survivors (5120K)
 Metaspace       used 26822K, capacity 27682K, committed 27824K, reserved 1073152K
  class space    used 3226K, capacity 3561K, committed 3584K, reserved 1048576K
}
Event: 7.656 GC heap before
{Heap before GC invocations=7 (full 0):
 garbage-first heap   total 129024K, used 81486K [0x0000000082200000, 0x0000000100000000)
  region size 1024K, 73 young (74752K), 5 survivors (5120K)
 Metaspace       used 29926K, capacity 30856K, committed 31152K, reserved 1077248K
  class space    used 3652K, capacity 4000K, committed 4096K, reserved 1048576K
}
Event: 7.666 GC heap after
{Heap after GC invocations=8 (full 0):
 garbage-first heap   total 129024K, used 13629K [0x0000000082200000, 0x0000000100000000)
  region size 1024K, 6 young (6144K), 6 survivors (6144K)
 Metaspace       used 29926K, capacity 30856K, committed 31152K, reserved 1077248K
  class space    used 3652K, capacity 4000K, committed 4096K, reserved 1048576K
}
Event: 8.988 GC heap before
{Heap before GC invocations=8 (full 0):
 garbage-first heap   total 129024K, used 84285K [0x0000000082200000, 0x0000000100000000)
  region size 1024K, 75 young (76800K), 6 survivors (6144K)
 Metaspace       used 32572K, capacity 33516K, committed 33584K, reserved 1079296K
  class space    used 4085K, capacity 4448K, committed 4480K, reserved 1048576K
}
Event: 9.004 GC heap after
{Heap after GC invocations=9 (full 0):
 garbage-first heap   total 129024K, used 16132K [0x0000000082200000, 0x0000000100000000)
  region size 1024K, 8 young (8192K), 8 survivors (8192K)
 Metaspace       used 32572K, capacity 33516K, committed 33584K, reserved 1079296K
  class space    used 4085K, capacity 4448K, committed 4480K, reserved 1048576K
}
Event: 9.464 GC heap before
{Heap before GC invocations=9 (full 0):
 garbage-first heap   total 129024K, used 35588K [0x0000000082200000, 0x0000000100000000)
  region size 1024K, 28 young (28672K), 8 survivors (8192K)
 Metaspace       used 34607K, capacity 35676K, committed 35888K, reserved 1081344K
  class space    used 4320K, capacity 4705K, committed 4736K, reserved 1048576K
}
Event: 9.479 GC heap after
{Heap after GC invocations=10 (full 0):
 garbage-first heap   total 129024K, used 17043K [0x0000000082200000, 0x0000000100000000)
  region size 1024K, 6 young (6144K), 6 survivors (6144K)
 Metaspace       used 34607K, capacity 35676K, committed 35888K, reserved 1081344K
  class space    used 4320K, capacity 4705K, committed 4736K, reserved 1048576K
}
Event: 10.504 GC heap before
{Heap before GC invocations=11 (full 0):
 garbage-first heap   total 129024K, used 86675K [0x0000000082200000, 0x0000000100000000)
  region size 1024K, 75 young (76800K), 6 survivors (6144K)
 Metaspace       used 37986K, capacity 39204K, committed 39472K, reserved 1083392K
  class space    used 4720K, capacity 5178K, committed 5248K, reserved 1048576K
}

Deoptimization events (0 events):
No events

Classes redefined (0 events):
No events

Internal exceptions (10 events):
Event: 9.359 Thread 0x000001e2a8489000 Exception <a 'java/lang/ClassNotFoundException'{0x00000000891eecb0}: org/springframework/core/OrderedCustomizer> (0x00000000891eecb0) thrown at [./open/src/hotspot/share/classfile/systemDictionary.cpp, line 227]
Event: 9.361 Thread 0x000001e2a8489000 Exception <a 'java/lang/ClassNotFoundException'{0x0000000089004ee8}: org/springframework/beans/factory/BeanClassLoaderAwareCustomizer> (0x0000000089004ee8) thrown at [./open/src/hotspot/share/classfile/systemDictionary.cpp, line 227]
Event: 9.363 Thread 0x000001e2a8489000 Exception <a 'java/lang/ClassNotFoundException'{0x0000000089018470}: org/springframework/beans/factory/AwareCustomizer> (0x0000000089018470) thrown at [./open/src/hotspot/share/classfile/systemDictionary.cpp, line 227]
Event: 9.365 Thread 0x000001e2a8489000 Exception <a 'java/lang/ClassNotFoundException'{0x000000008902d6c8}: org/springframework/aop/framework/AopInfrastructureBeanCustomizer> (0x000000008902d6c8) thrown at [./open/src/hotspot/share/classfile/systemDictionary.cpp, line 227]
Event: 9.483 Thread 0x000001e2a8745000 Exception <a 'java/lang/reflect/InvocationTargetException'{0x0000000089f095d8}> (0x0000000089f095d8) thrown at [./open/src/hotspot/share/runtime/reflection.cpp, line 1242]
Event: 9.588 Thread 0x000001e2a8489000 Exception <a 'java/lang/NoSuchMethodError'{0x0000000089c46768}: java.lang.invoke.DirectMethodHandle$Holder.invokeInterface(Ljava/lang/Object;Ljava/lang/Object;I)V> (0x0000000089c46768) thrown at [./open/src/hotspot/share/interpreter/linkResolver.cpp, line
Event: 9.596 Thread 0x000001e2a8489000 Exception <a 'java/lang/NoSuchMethodError'{0x0000000089c8a528}: java.lang.invoke.DirectMethodHandle$Holder.invokeStatic(Ljava/lang/Object;ILjava/lang/Object;)V> (0x0000000089c8a528) thrown at [./open/src/hotspot/share/interpreter/linkResolver.cpp, line 77
Event: 9.602 Thread 0x000001e2a8489000 Exception <a 'java/lang/NoSuchMethodError'{0x0000000089cacd88}: java.lang.invoke.DirectMethodHandle$Holder.invokeVirtual(Ljava/lang/Object;Ljava/lang/Object;)I> (0x0000000089cacd88) thrown at [./open/src/hotspot/share/interpreter/linkResolver.cpp, line 77
Event: 9.604 Thread 0x000001e2a8489000 Exception <a 'java/lang/NoSuchMethodError'{0x0000000089cb6818}: java.lang.invoke.DirectMethodHandle$Holder.invokeSpecialIFC(Ljava/lang/Object;Ljava/lang/Object;Ljava/lang/Object;Ljava/lang/Object;)I> (0x0000000089cb6818) thrown at [./open/src/hotspot/shar
Event: 10.399 Thread 0x000001e2a90db800 Exception <a 'java/lang/reflect/InvocationTargetException'{0x00000000866917b0}> (0x00000000866917b0) thrown at [./open/src/hotspot/share/runtime/reflection.cpp, line 1242]

Events (10 events):
Event: 10.503 Thread 0x000001e2a8489000 DEOPT UNPACKING pc=0x000001e28fd9b8de sp=0x000000c7279fb9f8 mode 1
Event: 10.503 loading class org/apache/catalina/webresources/LocalStrings_zh
Event: 10.503 loading class org/apache/catalina/webresources/LocalStrings_zh done
Event: 10.504 Thread 0x000001e2a8489000 DEOPT PACKING pc=0x000001e2905e3ed4 sp=0x000000c7279fc530
Event: 10.504 Thread 0x000001e2a8489000 DEOPT UNPACKING pc=0x000001e28fd9b8de sp=0x000000c7279fb9c8 mode 1
Event: 10.504 Thread 0x000001e2a8489000 DEOPT PACKING pc=0x000001e2905e2bfc sp=0x000000c7279fc600
Event: 10.504 Thread 0x000001e2a8489000 DEOPT UNPACKING pc=0x000001e28fd9b8de sp=0x000000c7279fbab8 mode 1
Event: 10.504 loading class org/apache/catalina/webresources/LocalStrings_zh_CN
Event: 10.504 loading class org/apache/catalina/webresources/LocalStrings_zh_CN done
Event: 10.504 Executing VM operation: G1CollectForAllocation


Dynamic libraries:
0x00007ff77c4c0000 - 0x00007ff77c4cf000 	C:\Program Files\Java\jdk-11.0.13\bin\java.exe
0x00007ff81ce50000 - 0x00007ff81d045000 	C:\WINDOWS\SYSTEM32\ntdll.dll
0x00007ff81b6e0000 - 0x00007ff81b79d000 	C:\WINDOWS\System32\KERNEL32.DLL
0x00007ff81a560000 - 0x00007ff81a82d000 	C:\WINDOWS\System32\KERNELBASE.dll
0x00007ff81a990000 - 0x00007ff81aa90000 	C:\WINDOWS\System32\ucrtbase.dll
0x00007ff818240000 - 0x00007ff818258000 	C:\Program Files\Java\jdk-11.0.13\bin\jli.dll
0x00007ff81b590000 - 0x00007ff81b63e000 	C:\WINDOWS\System32\ADVAPI32.dll
0x00007ff81aed0000 - 0x00007ff81af6e000 	C:\WINDOWS\System32\msvcrt.dll
0x00007ff81b640000 - 0x00007ff81b6dc000 	C:\WINDOWS\System32\sechost.dll
0x00007ff81b7a0000 - 0x00007ff81b8c5000 	C:\WINDOWS\System32\RPCRT4.dll
0x00007ff8162b0000 - 0x00007ff8162c5000 	C:\Program Files\Java\jdk-11.0.13\bin\VCRUNTIME140.dll
0x00007ff81b1a0000 - 0x00007ff81b340000 	C:\WINDOWS\System32\USER32.dll
0x00007ff81ae40000 - 0x00007ff81ae62000 	C:\WINDOWS\System32\win32u.dll
0x00007ff81c560000 - 0x00007ff81c58a000 	C:\WINDOWS\System32\GDI32.dll
0x00007ff80df20000 - 0x00007ff80e1ba000 	C:\WINDOWS\WinSxS\amd64_microsoft.windows.common-controls_6595b64144ccf1df_6.0.19041.1110_none_60b5254171f9507e\COMCTL32.dll
0x00007ff81aca0000 - 0x00007ff81adab000 	C:\WINDOWS\System32\gdi32full.dll
0x00007ff81a830000 - 0x00007ff81a8cd000 	C:\WINDOWS\System32\msvcp_win.dll
0x00007ff80e3c0000 - 0x00007ff80e3ca000 	C:\WINDOWS\SYSTEM32\VERSION.dll
0x00007ff81aea0000 - 0x00007ff81aed0000 	C:\WINDOWS\System32\IMM32.DLL
0x00007fffe7650000 - 0x00007fffe76eb000 	C:\Program Files\Java\jdk-11.0.13\bin\msvcp140.dll
0x00007fffd3b10000 - 0x00007fffd4623000 	C:\Program Files\Java\jdk-11.0.13\bin\server\jvm.dll
0x00007ff81ca10000 - 0x00007ff81ca18000 	C:\WINDOWS\System32\PSAPI.DLL
0x00007ff814920000 - 0x00007ff814929000 	C:\WINDOWS\SYSTEM32\WSOCK32.dll
0x00007ff81bc50000 - 0x00007ff81bcbb000 	C:\WINDOWS\System32\WS2_32.dll
0x00007ff817f80000 - 0x00007ff817fa7000 	C:\WINDOWS\SYSTEM32\WINMM.dll
0x00007ff817f20000 - 0x00007ff817f32000 	C:\WINDOWS\SYSTEM32\kernel.appcore.dll
0x00007ff818230000 - 0x00007ff818240000 	C:\Program Files\Java\jdk-11.0.13\bin\verify.dll
0x00007ff80eec0000 - 0x00007ff80f0a4000 	C:\WINDOWS\SYSTEM32\DBGHELP.DLL
0x00007ff80ee90000 - 0x00007ff80eebc000 	C:\WINDOWS\SYSTEM32\dbgcore.DLL
0x00007ff81adb0000 - 0x00007ff81ae32000 	C:\WINDOWS\System32\bcryptPrimitives.dll
0x00007ffffe510000 - 0x00007ffffe538000 	C:\Program Files\Java\jdk-11.0.13\bin\java.dll
0x00007ff818220000 - 0x00007ff81822a000 	C:\Program Files\Java\jdk-11.0.13\bin\jimage.dll
0x00007ff808f40000 - 0x00007ff808f78000 	C:\Program Files\Java\jdk-11.0.13\bin\jdwp.dll
0x00007ff816290000 - 0x00007ff81629e000 	C:\Program Files\Java\jdk-11.0.13\bin\instrument.dll
0x00007ff8157c0000 - 0x00007ff8157d6000 	C:\Program Files\Java\jdk-11.0.13\bin\zip.dll
0x00007ff81bcc0000 - 0x00007ff81c404000 	C:\WINDOWS\System32\SHELL32.dll
0x00007ff818660000 - 0x00007ff818df4000 	C:\WINDOWS\SYSTEM32\windows.storage.dll
0x00007ff81ca20000 - 0x00007ff81cd74000 	C:\WINDOWS\System32\combase.dll
0x00007ff819fc0000 - 0x00007ff819fec000 	C:\WINDOWS\SYSTEM32\Wldp.dll
0x00007ff81b930000 - 0x00007ff81b9dd000 	C:\WINDOWS\System32\SHCORE.dll
0x00007ff81b9e0000 - 0x00007ff81ba35000 	C:\WINDOWS\System32\shlwapi.dll
0x00007ff81a4a0000 - 0x00007ff81a4bf000 	C:\WINDOWS\SYSTEM32\profapi.dll
0x00007ff80e610000 - 0x00007ff80e61a000 	C:\Program Files\Java\jdk-11.0.13\bin\dt_socket.dll
0x00007ff819d20000 - 0x00007ff819d8a000 	C:\WINDOWS\system32\mswsock.dll
0x00007ff8147a0000 - 0x00007ff8147b9000 	C:\Program Files\Java\jdk-11.0.13\bin\net.dll
0x00007ff80e260000 - 0x00007ff80e36a000 	C:\WINDOWS\SYSTEM32\WINHTTP.dll
0x00007ff802580000 - 0x00007ff802592000 	C:\Program Files\Java\jdk-11.0.13\bin\nio.dll
0x00007ff819a10000 - 0x00007ff819adb000 	C:\WINDOWS\SYSTEM32\DNSAPI.dll
0x00007ff8199c0000 - 0x00007ff8199fb000 	C:\WINDOWS\SYSTEM32\IPHLPAPI.DLL
0x00007ff81c410000 - 0x00007ff81c418000 	C:\WINDOWS\System32\NSI.dll
0x00007ff80c400000 - 0x00007ff80c40a000 	C:\Windows\System32\rasadhlp.dll
0x00007ff80c290000 - 0x00007ff80c310000 	C:\WINDOWS\System32\fwpuclnt.dll
0x00007ff81ae70000 - 0x00007ff81ae97000 	C:\WINDOWS\System32\bcrypt.dll
0x00007ff814de0000 - 0x00007ff814de9000 	C:\Program Files\Java\jdk-11.0.13\bin\management.dll
0x00007ff80e620000 - 0x00007ff80e62b000 	C:\Program Files\Java\jdk-11.0.13\bin\management_ext.dll
0x00007ff819f20000 - 0x00007ff819f38000 	C:\WINDOWS\SYSTEM32\CRYPTSP.dll
0x00007ff819630000 - 0x00007ff819664000 	C:\WINDOWS\system32\rsaenh.dll
0x00007ff81a420000 - 0x00007ff81a44e000 	C:\WINDOWS\SYSTEM32\USERENV.dll
0x00007ff819f10000 - 0x00007ff819f1c000 	C:\WINDOWS\SYSTEM32\CRYPTBASE.dll
0x00007ff80c430000 - 0x00007ff80c447000 	C:\WINDOWS\SYSTEM32\dhcpcsvc6.DLL
0x00007ff80c410000 - 0x00007ff80c42d000 	C:\WINDOWS\SYSTEM32\dhcpcsvc.DLL
0x00007ff814d30000 - 0x00007ff814d47000 	C:\WINDOWS\system32\napinsp.dll
0x00007ff80ee40000 - 0x00007ff80ee5b000 	C:\WINDOWS\system32\pnrpnsp.dll
0x00007ff809a00000 - 0x00007ff809a15000 	C:\WINDOWS\system32\wshbth.dll
0x00007ff80c520000 - 0x00007ff80c53d000 	C:\WINDOWS\system32\NLAapi.dll
0x00007ff814e90000 - 0x00007ff814ea2000 	C:\WINDOWS\System32\winrnr.dll

dbghelp: loaded successfully - version: 4.0.5 - missing functions: none
symbol engine: initialized successfully - sym options: 0x614 - pdb path: .;C:\Program Files\Java\jdk-11.0.13\bin;C:\WINDOWS\SYSTEM32;C:\WINDOWS\WinSxS\amd64_microsoft.windows.common-controls_6595b64144ccf1df_6.0.19041.1110_none_60b5254171f9507e;C:\Program Files\Java\jdk-11.0.13\bin\server

VM Arguments:
jvm_args: -agentlib:jdwp=transport=dt_socket,address=127.0.0.1:65380,suspend=y,server=n -XX:TieredStopAtLevel=1 -Xverify:none -Dspring.output.ansi.enabled=always -Dcom.sun.management.jmxremote -Dspring.jmx.enabled=true -Dspring.liveBeansView.mbeanDomain -Dspring.application.admin.enabled=true -javaagent:C:\Users\Mzq\AppData\Local\JetBrains\IntelliJIdea2021.3\captureAgent\debugger-agent.jar -Dfile.encoding=UTF-8 
java_command: pers.jmu.springcloud.EurekaMain7002
java_class_path (initial): D:\IdeaProject\springcloud\cloud-eureka-server7002\target\classes;D:\repository\org\springframework\cloud\spring-cloud-starter-netflix-eureka-server\2.2.1.RELEASE\spring-cloud-starter-netflix-eureka-server-2.2.1.RELEASE.jar;D:\repository\org\springframework\cloud\spring-cloud-starter\2.2.1.RELEASE\spring-cloud-starter-2.2.1.RELEASE.jar;D:\repository\org\springframework\cloud\spring-cloud-context\2.2.1.RELEASE\spring-cloud-context-2.2.1.RELEASE.jar;D:\repository\org\springframework\security\spring-security-crypto\5.2.1.RELEASE\spring-security-crypto-5.2.1.RELEASE.jar;D:\repository\org\springframework\cloud\spring-cloud-commons\2.2.1.RELEASE\spring-cloud-commons-2.2.1.RELEASE.jar;D:\repository\org\springframework\security\spring-security-rsa\1.0.9.RELEASE\spring-security-rsa-1.0.9.RELEASE.jar;D:\repository\org\bouncycastle\bcpkix-jdk15on\1.64\bcpkix-jdk15on-1.64.jar;D:\repository\org\bouncycastle\bcprov-jdk15on\1.64\bcprov-jdk15on-1.64.jar;D:\repository\org\springframework\cloud\spring-cloud-netflix-eureka-server\2.2.1.RELEASE\spring-cloud-netflix-eureka-server-2.2.1.RELEASE.jar;D:\repository\org\springframework\boot\spring-boot-starter-freemarker\2.2.2.RELEASE\spring-boot-starter-freemarker-2.2.2.RELEASE.jar;D:\repository\org\freemarker\freemarker\2.3.29\freemarker-2.3.29.jar;D:\repository\org\springframework\spring-context-support\5.2.2.RELEASE\spring-context-support-5.2.2.RELEASE.jar;D:\repository\org\springframework\cloud\spring-cloud-netflix-hystrix\2.2.1.RELEASE\spring-cloud-netflix-hystrix-2.2.1.RELEASE.jar;D:\repository\org\springframework\boot\spring-boot-starter-aop\2.2.2.RELEASE\spring-boot-starter-aop-2.2.2.RELEASE.jar;D:\repository\org\aspectj\aspectjweaver\1.9.5\aspectjweaver-1.9.5.jar;D:\repository\org\springframework\cloud\spring-cloud-netflix-eureka-client\2.2.1.RELEASE\spring-cloud-netflix-eureka-client-2.2.1.RELEASE.jar;D:\repository\com\netflix\eureka\eureka-client\1.9.13\eureka-client-1.9.13.jar;D:\repository\org\codeh
Launcher Type: SUN_STANDARD

[Global flags]
     bool BytecodeVerificationLocal                = false                                     {product} {command line}
     bool BytecodeVerificationRemote               = false                                     {product} {command line}
     intx CICompilerCount                          = 3                                         {product} {ergonomic}
     uint ConcGCThreads                            = 1                                         {product} {ergonomic}
     uint G1ConcRefinementThreads                  = 4                                         {product} {ergonomic}
   size_t G1HeapRegionSize                         = 1048576                                   {product} {ergonomic}
    uintx GCDrainStackTargetSize                   = 64                                        {product} {ergonomic}
   size_t InitialHeapSize                          = 132120576                                 {product} {ergonomic}
     bool ManagementServer                         = true                                      {product} {command line}
   size_t MarkStackSize                            = 4194304                                   {product} {ergonomic}
   size_t MaxHeapSize                              = 2111832064                                {product} {ergonomic}
   size_t MaxNewSize                               = 1266679808                                {product} {ergonomic}
   size_t MinHeapDeltaBytes                        = 1048576                                   {product} {ergonomic}
    uintx NonNMethodCodeHeapSize                   = 6973028                                {pd product} {ergonomic}
    uintx NonProfiledCodeHeapSize                  = 244685212                              {pd product} {ergonomic}
    uintx ProfiledCodeHeapSize                     = 0                                      {pd product} {ergonomic}
    uintx ReservedCodeCacheSize                    = 251658240                              {pd product} {ergonomic}
     bool SegmentedCodeCache                       = true                                      {product} {ergonomic}
     intx TieredStopAtLevel                        = 1                                         {product} {command line}
     bool UseCompressedClassPointers               = true                                 {lp64_product} {ergonomic}
     bool UseCompressedOops                        = true                                 {lp64_product} {ergonomic}
     bool UseG1GC                                  = true                                      {product} {ergonomic}
     bool UseLargePagesIndividualAllocation        = false                                  {pd product} {ergonomic}

Logging:
Log output configuration:
 #0: stdout all=warning uptime,level,tags
 #1: stderr all=off uptime,level,tags

Environment Variables:
JAVA_HOME=C:\Program Files\Java\jdk-11.0.13
CLASSPATH=.;C:\Program Files\Java\jdk-11.0.13\lib\dt.jar;C:\Program Files\Java\jdk-11.0.13\lib\tools.jar;
PATH=C:\Program Files\Common Files\Oracle\Java\javapath;C:\WINDOWS\system32;C:\WINDOWS;C:\WINDOWS\System32\Wbem;C:\WINDOWS\System32\WindowsPowerShell\v1.0\;C:\WINDOWS\System32\OpenSSH\;C:\Program Files\Java\jdk-11.0.13\bin;C:\Program Files\Java\jdk-11.0.13\jre\bin;F:\apache-maven-3.8.4-bin\apache-maven-3.8.4\bin;F:\mysql-8.0.29-winx64\bin;F:\mysql-8.0.29-winx64\bin;F:\consul_1.12.0_windows_amd64;C:\Users\Mzq\AppData\Local\Microsoft\WindowsApps;
USERNAME=Mzq
OS=Windows_NT
PROCESSOR_IDENTIFIER=Intel64 Family 6 Model 142 Stepping 9, GenuineIntel



---------------  S Y S T E M  ---------------

OS: Windows 10 , 64 bit Build 19041 (10.0.19041.1706)

CPU:total 4 (initial active 4) (2 cores per cpu, 2 threads per core) family 6 model 142 stepping 9 microcode 0xb4, cmov, cx8, fxsr, mmx, sse, sse2, sse3, ssse3, sse4.1, sse4.2, popcnt, avx, avx2, aes, clmul, erms, 3dnowpref, lzcnt, ht, tsc, tscinvbit, bmi1, bmi2, adx, fma

Memory: 4k page, system-wide physical 8050M (420M free)
TotalPageFile size 15657M (AvailPageFile size 33M)
current process WorkingSet (physical memory assigned to process): 192M, peak: 192M
current process commit charge ("private bytes"): 259M, peak: 285M

vm_info: Java HotSpot(TM) 64-Bit Server VM (11.0.13+10-LTS-370) for windows-amd64 JRE (11.0.13+10-LTS-370), built on Sep 15 2021 22:10:36 by "mach5one" with MS VC++ 15.9 (VS2017)

END.
